<?xml version="1.0" encoding="UTF-8"?>
<testsuite xmlns:xsi="http://www.w3.org/2001/XMLSchema-instance" xsi:noNamespaceSchemaLocation="https://maven.apache.org/surefire/maven-surefire-plugin/xsd/surefire-test-report.xsd" name="TestRunners.TestRunner" time="514.154" tests="18" errors="0" skipped="0" failures="0">
  <properties>
[...]
</properties>
  <testcase name="Successful Add New Customer (Positive)" classname="Add Customers page feature admin-demo.nopcommerce.com" time="111.434"/>
  <testcase name="Unsuccessful Add New Customer Because Email Is Already REGISTERED (Negative)" classname="Add Customers page feature admin-demo.nopcommerce.com" time="77.482"/>
  <testcase name="Unsuccessful Add New Customer Because Admin Does NOT Input Email (Negative)" classname="Add Customers page feature admin-demo.nopcommerce.com" time="38.265"/>
  <testcase name="Unsuccessful Add New Customer Because Admin Inputs WRONG Email Format (Negative)" classname="Add Customers page feature admin-demo.nopcommerce.com" time="37.114"/>
  <testcase name="Unsuccessful Add New Customer Because Admin Selects WRONG Customer Role (Negative)" classname="Add Customers page feature admin-demo.nopcommerce.com" time="46.993"/>
  <testcase name="Successful Login Because Admin Inputs Valid Credentials (Positive)" classname="Login page feature admin-demo.nopcommerce.com" time="25.539"/>
  <testcase name="Unsuccessful Login Because Admin Inputs Invalid Password (Negative)" classname="Login page feature admin-demo.nopcommerce.com" time="11.081"/>
  <testcase name="Unsuccessful Login Because Admin Inputs Invalid Credentials (Negative) #1" classname="Login page feature admin-demo.nopcommerce.com" time="9.861"/>
  <testcase name="Unsuccessful Login Because Admin Inputs Invalid Credentials (Negative) #2" classname="Login page feature admin-demo.nopcommerce.com" time="10.624"/>
  <testcase name="Unsuccessful Login Because Admin Inputs Valid Email But Does NOT Input Password (Negative)" classname="Login page feature admin-demo.nopcommerce.com" time="9.49"/>
  <testcase name="Unsuccessful Login Because Admin Inputs Invalid Email and Does NOT Input password (Negative)" classname="Login page feature admin-demo.nopcommerce.com" time="9.707"/>
  <testcase name="Unsuccessful Login Because Admin Inputs Does NOT Input Anything (Negative)" classname="Login page feature admin-demo.nopcommerce.com" time="8.899"/>
  <testcase name="Unsuccessful Login Because Admin Does NOT Input Email But Input Valid password (Negative)" classname="Login page feature admin-demo.nopcommerce.com" time="9.099"/>
  <testcase name="Unsuccessful Login Because Admin Inputs WRONG Email Format (Negative)" classname="Login page feature admin-demo.nopcommerce.com" time="9.008"/>
  <testcase name="Successful Search Customer by Email Because data is Available (Positive)" classname="Customers page feature admin-demo.nopcommerce.com" time="21.383"/>
  <testcase name="Successful Search Customer By Name Because Data Is Available (Positive)" classname="Customers page feature admin-demo.nopcommerce.com" time="20.139"/>
  <testcase name="Unsuccessful Search Customer By Email Because Data Is Unavailable (Negative)" classname="Customers page feature admin-demo.nopcommerce.com" time="22.231"/>
  <testcase name="Unsuccessful Search Customer By Name Because Data Is Unavailable (Negative)" classname="Customers page feature admin-demo.nopcommerce.com" time="25.313"/>
</testsuite>